-------------------------------------------------------------------------------
Test set: TestSuite
-------------------------------------------------------------------------------
Tests run: 3, Failures: 1, Errors: 0, Skipped: 1, Time elapsed: 2.155 sec <<< FAILURE!
test_fail(hw_demo.TestFailure)  Time elapsed: 0.069 sec  <<< FAILURE!
java.lang.AssertionError: null
	at org.testng.Assert.fail(Assert.java:97)
	at org.testng.Assert.fail(Assert.java:102)
	at hw_demo.TestFailure.test_fail(TestFailure.java:10)

