<?xml version="1.0" encoding="UTF-8"?>
<!-- Generated by org.testng.reporters.JUnitXMLReporter -->
<testsuite ignored="0" hostname="hp" failures="1" tests="3" name="Command line test" time="0.177" errors="0" timestamp="2020-04-03T16:27:13 CDT">
  <testcase classname="hw_demo.TestFailure" name="test_fail" time="0.023">
    <failure type="java.lang.AssertionError" message="null">
      <![CDATA[java.lang.AssertionError: null
at hw_demo.TestFailure.test_fail(TestFailure.java:10)
at java.base/java.util.ArrayList.forEach(ArrayList.java:1507)
... Removed 39 stack frames]]>
    </failure>
  </testcase> <!-- test_fail -->
  <testcase classname="hw_demo.TestFailure" name="test_skip" time="0.001">
    <skipped/>
  </testcase> <!-- test_skip -->
  <testcase classname="hw_demo.TestHelloWorld" name="testHelloWorld" time="0.001"/>
</testsuite> <!-- Command line test -->
